<?xml version="1.0" encoding="UTF-8"?>
<!-- Generated by org.testng.reporters.JUnitReportReporter -->
<testsuite hostname="DESKTOP-2O8UC2F" failures="0" tests="1" name="producttest.TestCase_09" time="0.001" errors="0" timestamp="2025-05-05T15:19:21 IST" skipped="0">
  <testcase classname="producttest.TestCase_09" name="searchproduct" time="0.001">
    <system-out>
      <![CDATA[product is searched]]>
    </system-out>
  </testcase> <!-- searchproduct -->
  <system-out>
    <![CDATA[Closebrowser Successfully
checkout
Closebrowser Successfully
checkout
Closebrowser Successfully
Closebrowser Successfully
Closebrowser Successfully
verify products
Closebrowser Successfully
remove product
Closebrowser Successfully
viewcart
Closebrowser Successfully
login_with_invalid_credentials
Closebrowser Successfully
Closebrowser Successfully
user is logged in with valid credentilas
Closebrowser Successfully
Closebrowser Successfully
Closebrowser Successfully
user  is logged out
Closebrowser Successfully
Closebrowser Successfully
Test Case 21: Add review on product
Closebrowser Successfully
viewcart
Closebrowser Successfully
user is registered
Closebrowser Successfully
testcase 23
Closebrowser Successfully
contact form is created
Closebrowser Successfully
Closebrowser Successfully
contact form is created
Closebrowser Successfully
product is searched
Closebrowser Successfully
contact form is created
Closebrowser Successfully]]>
  </system-out>
</testsuite> <!-- producttest.TestCase_09 -->
