<?xml version="1.0" encoding="UTF-8"?>
<!-- Generated by org.testng.reporters.JUnitReportReporter -->
<testsuite hostname="DESKTOP-2O8UC2F" failures="0" tests="1" name="pagerepository_A.TestCase_26t" time="15.698" errors="0" timestamp="2025-04-29T21:29:25 IST" skipped="0">
  <testcase classname="pagerepository_A.TestCase_26t" name="login" time="15.698"/>
</testsuite> <!-- pagerepository_A.TestCase_26t -->
