<?xml version="1.0" encoding="UTF-8"?>
<!-- Generated by org.testng.reporters.JUnitReportReporter -->
<testsuite hostname="DESKTOP-2O8UC2F" failures="0" tests="1" name="pagerepository_A.TestCase_24t" time="42.585" errors="0" timestamp="2025-04-30T14:35:04 IST" skipped="0">
  <testcase classname="pagerepository_A.TestCase_24t" name="DownloadInvoice" time="42.585"/>
</testsuite> <!-- pagerepository_A.TestCase_24t -->
