<?xml version="1.0" encoding="UTF-8"?>
<!-- Generated by org.testng.reporters.JUnitReportReporter -->
<testsuite hostname="DESKTOP-2O8UC2F" failures="0" tests="1" name="pagerepository_A.TestCase_25t" time="23.351" errors="0" timestamp="2025-04-29T22:12:31 IST" skipped="0">
  <testcase classname="pagerepository_A.TestCase_25t" name="scrollwithoutarrow" time="23.351"/>
</testsuite> <!-- pagerepository_A.TestCase_25t -->
